  Baggage.cpp
  camera.cpp
  Command.cpp
  ControlUI.cpp
  DebugProc.cpp
  endcall.cpp
  fade.cpp
  game.cpp
  gameUI.cpp
  input.cpp
  InputKeyboard.cpp
  InputXPad.cpp
  JudgeBaggage.cpp
  life.cpp
  light.cpp
  main.cpp
  Manager.cpp
  number.cpp
  pause.cpp
  PressEnter.cpp
  コンパイル中...
  ranking.cpp
  renderer.cpp
  result.cpp
  scene.cpp
  scene2D.cpp
  scene3D.cpp
  sceneBillboard.cpp
  sceneX.cpp
  Score.cpp
  sound.cpp
  StartCall.cpp
  texture.cpp
  title.cpp
  TitleObject.cpp
  truck.cpp
  tutorial.cpp
  UtilityMath.cpp
  worker.cpp
  コード生成しています。
  740 of 744 functions (99.5%) were compiled, the rest were copied from previous compilation.
    5 functions were new in current compilation
    0 functions had inline decision re-evaluated but remain unchanged
  コード生成が終了しました。
  誰でもできる簡単なお仕事です。.vcxproj -> C:\Users\game113\Documents\GitHub\KODAMA_YUTO\吉田学園情報ビジネス専門学校　児玉優斗\06_2Dミニゲーム(ハッカソン)[誰でもできる簡単なお仕事です。]\誰でもできる簡単なお仕事です。\誰でもできる簡単なお仕事です。.exe
  誰でもできる簡単なお仕事です。.vcxproj -> C:\Users\game113\Documents\GitHub\KODAMA_YUTO\吉田学園情報ビジネス専門学校　児玉優斗\06_2Dミニゲーム(ハッカソン)[誰でもできる簡単なお仕事です。]\誰でもできる簡単なお仕事です。\誰でもできる簡単なお仕事です。.pdb (Full PDB)
