  worker.cpp
  life.cpp
  gameUI.cpp
  InputXPad.cpp
  InputKeyboard.cpp
  ControlUI.cpp
  コードを生成中...
  コンパイル中...
  tutorial.cpp
  truck.cpp
  title.cpp
  texture.cpp
  sceneX.cpp
  sceneBillboard.cpp
  scene3D.cpp
  scene2D.cpp
  result.cpp
  renderer.cpp
  ranking.cpp
  pause.cpp
  number.cpp
  main.cpp
  light.cpp
  input.cpp
  game.cpp
  fade.cpp
  endcall.cpp
  camera.cpp
  コードを生成中...
  コンパイル中...
  StartCall.cpp
  Score.cpp
  Manager.cpp
  JudgeBaggage.cpp
  DebugProc.cpp
  Command.cpp
  Baggage.cpp
  コードを生成中...
  誰でもできる簡単なお仕事です。.vcxproj -> F:\吉田学園情報ビジネス専門学校　児玉優斗\06_2Dミニゲーム(ハッカソン)[誰でもできる簡単なお仕事です。]\00_開発環境\誰でもできる簡単なお仕事です。\誰でもできる簡単なお仕事です。.exe
  誰でもできる簡単なお仕事です。.vcxproj -> F:\吉田学園情報ビジネス専門学校　児玉優斗\06_2Dミニゲーム(ハッカソン)[誰でもできる簡単なお仕事です。]\00_開発環境\誰でもできる簡単なお仕事です。\誰でもできる簡単なお仕事です。.pdb (Full PDB)
